  SnakeGame.cpp
C:\Users\s210575\Documents\ConnorFettes\Complex Systems\ComplexGameSystems\NeuralNetworkCpp\nelve\NetworkEvolver.h(131,31): warning C4114: same type qualifier used more than once
C:\Users\s210575\Documents\ConnorFettes\Complex Systems\ComplexGameSystems\NeuralNetworkCpp\nelve\NetworkEvolver.h(188,64): warning C4244: 'return': conversion from 'float' to 'uint32_t', possible loss of data
C:\Users\s210575\Documents\ConnorFettes\Complex Systems\ComplexGameSystems\NeuralNetworkCpp\SimpleImplementation\Button.h(73,32): warning C4244: 'argument': conversion from 'float' to 'int', possible loss of data
C:\Users\s210575\Documents\ConnorFettes\Complex Systems\ComplexGameSystems\NeuralNetworkCpp\SimpleImplementation\SnakeGame.cpp(7,18): warning C4244: 'argument': conversion from 'time_t' to 'unsigned int', possible loss of data
C:\Users\s210575\Documents\ConnorFettes\Complex Systems\ComplexGameSystems\NeuralNetworkCpp\SimpleImplementation\SnakeGame.cpp(16,77): warning C4244: 'argument': conversion from 'time_t' to 'uint32_t', possible loss of data
C:\Users\s210575\Documents\ConnorFettes\Complex Systems\ComplexGameSystems\NeuralNetworkCpp\SimpleImplementation\SnakeGame.cpp(42,20): warning C4018: '<': signed/unsigned mismatch
C:\Users\s210575\Documents\ConnorFettes\Complex Systems\ComplexGameSystems\NeuralNetworkCpp\SimpleImplementation\SnakeGame.cpp(106,22): warning C4018: '<': signed/unsigned mismatch
C:\Users\s210575\Documents\ConnorFettes\Complex Systems\ComplexGameSystems\NeuralNetworkCpp\SimpleImplementation\SnakeGame.cpp(230,43): warning C4838: conversion from 'int' to 'float' requires a narrowing conversion
C:\Users\s210575\Documents\ConnorFettes\Complex Systems\ComplexGameSystems\NeuralNetworkCpp\SimpleImplementation\SnakeGame.cpp(230,43): warning C4244: 'initializing': conversion from 'int' to 'float', possible loss of data
C:\Users\s210575\Documents\ConnorFettes\Complex Systems\ComplexGameSystems\NeuralNetworkCpp\SimpleImplementation\SnakeGame.cpp(230,73): warning C4838: conversion from 'int' to 'float' requires a narrowing conversion
C:\Users\s210575\Documents\ConnorFettes\Complex Systems\ComplexGameSystems\NeuralNetworkCpp\SimpleImplementation\SnakeGame.cpp(230,73): warning C4244: 'initializing': conversion from 'int' to 'float', possible loss of data
C:\Users\s210575\Documents\ConnorFettes\Complex Systems\ComplexGameSystems\NeuralNetworkCpp\SimpleImplementation\SnakeGame.cpp(398,78): warning C4244: 'argument': conversion from 'float' to 'int', possible loss of data
C:\Users\s210575\Documents\ConnorFettes\Complex Systems\ComplexGameSystems\NeuralNetworkCpp\SimpleImplementation\SnakeGame.cpp(398,57): warning C4244: 'argument': conversion from 'float' to 'int', possible loss of data
C:\Users\s210575\Documents\ConnorFettes\Complex Systems\ComplexGameSystems\NeuralNetworkCpp\SimpleImplementation\SnakeGame.cpp(398,40): warning C4244: 'argument': conversion from 'float' to 'int', possible loss of data
C:\Users\s210575\Documents\ConnorFettes\Complex Systems\ComplexGameSystems\NeuralNetworkCpp\SimpleImplementation\SnakeGame.cpp(398,22): warning C4244: 'argument': conversion from 'float' to 'int', possible loss of data
C:\Users\s210575\Documents\ConnorFettes\Complex Systems\ComplexGameSystems\NeuralNetworkCpp\SimpleImplementation\SnakeGame.cpp(402,13): warning C4244: 'argument': conversion from 'float' to 'int', possible loss of data
C:\Users\s210575\Documents\ConnorFettes\Complex Systems\ComplexGameSystems\NeuralNetworkCpp\SimpleImplementation\SnakeGame.cpp(402,3): warning C4244: 'argument': conversion from 'float' to 'int', possible loss of data
C:\Users\s210575\Documents\ConnorFettes\Complex Systems\ComplexGameSystems\NeuralNetworkCpp\SimpleImplementation\SnakeGame.cpp(401,76): warning C4244: 'argument': conversion from 'float' to 'int', possible loss of data
C:\Users\s210575\Documents\ConnorFettes\Complex Systems\ComplexGameSystems\NeuralNetworkCpp\SimpleImplementation\SnakeGame.cpp(401,29): warning C4244: 'argument': conversion from 'float' to 'int', possible loss of data
C:\Users\s210575\Documents\ConnorFettes\Complex Systems\ComplexGameSystems\NeuralNetworkCpp\SimpleImplementation\SnakeGame.cpp(405,13): warning C4244: 'argument': conversion from 'float' to 'int', possible loss of data
C:\Users\s210575\Documents\ConnorFettes\Complex Systems\ComplexGameSystems\NeuralNetworkCpp\SimpleImplementation\SnakeGame.cpp(405,3): warning C4244: 'argument': conversion from 'float' to 'int', possible loss of data
C:\Users\s210575\Documents\ConnorFettes\Complex Systems\ComplexGameSystems\NeuralNetworkCpp\SimpleImplementation\SnakeGame.cpp(404,59): warning C4244: 'argument': conversion from 'float' to 'int', possible loss of data
C:\Users\s210575\Documents\ConnorFettes\Complex Systems\ComplexGameSystems\NeuralNetworkCpp\SimpleImplementation\SnakeGame.cpp(404,29): warning C4244: 'argument': conversion from 'float' to 'int', possible loss of data
C:\Users\s210575\Documents\ConnorFettes\Complex Systems\ComplexGameSystems\NeuralNetworkCpp\SimpleImplementation\SnakeGame.cpp(407,13): warning C4244: 'argument': conversion from 'float' to 'int', possible loss of data
C:\Users\s210575\Documents\ConnorFettes\Complex Systems\ComplexGameSystems\NeuralNetworkCpp\SimpleImplementation\SnakeGame.cpp(407,3): warning C4244: 'argument': conversion from 'float' to 'int', possible loss of data
C:\Users\s210575\Documents\ConnorFettes\Complex Systems\ComplexGameSystems\NeuralNetworkCpp\SimpleImplementation\SnakeGame.cpp(406,59): warning C4244: 'argument': conversion from 'float' to 'int', possible loss of data
C:\Users\s210575\Documents\ConnorFettes\Complex Systems\ComplexGameSystems\NeuralNetworkCpp\SimpleImplementation\SnakeGame.cpp(406,29): warning C4244: 'argument': conversion from 'float' to 'int', possible loss of data
C:\Users\s210575\Documents\ConnorFettes\Complex Systems\ComplexGameSystems\NeuralNetworkCpp\SimpleImplementation\SnakeGame.cpp(409,13): warning C4244: 'argument': conversion from 'float' to 'int', possible loss of data
C:\Users\s210575\Documents\ConnorFettes\Complex Systems\ComplexGameSystems\NeuralNetworkCpp\SimpleImplementation\SnakeGame.cpp(409,3): warning C4244: 'argument': conversion from 'float' to 'int', possible loss of data
C:\Users\s210575\Documents\ConnorFettes\Complex Systems\ComplexGameSystems\NeuralNetworkCpp\SimpleImplementation\SnakeGame.cpp(408,59): warning C4244: 'argument': conversion from 'float' to 'int', possible loss of data
C:\Users\s210575\Documents\ConnorFettes\Complex Systems\ComplexGameSystems\NeuralNetworkCpp\SimpleImplementation\SnakeGame.cpp(408,29): warning C4244: 'argument': conversion from 'float' to 'int', possible loss of data
C:\Users\s210575\Documents\ConnorFettes\Complex Systems\ComplexGameSystems\NeuralNetworkCpp\SimpleImplementation\SnakeGame.cpp(411,13): warning C4244: 'argument': conversion from 'float' to 'int', possible loss of data
C:\Users\s210575\Documents\ConnorFettes\Complex Systems\ComplexGameSystems\NeuralNetworkCpp\SimpleImplementation\SnakeGame.cpp(411,3): warning C4244: 'argument': conversion from 'float' to 'int', possible loss of data
C:\Users\s210575\Documents\ConnorFettes\Complex Systems\ComplexGameSystems\NeuralNetworkCpp\SimpleImplementation\SnakeGame.cpp(410,59): warning C4244: 'argument': conversion from 'float' to 'int', possible loss of data
C:\Users\s210575\Documents\ConnorFettes\Complex Systems\ComplexGameSystems\NeuralNetworkCpp\SimpleImplementation\SnakeGame.cpp(410,29): warning C4244: 'argument': conversion from 'float' to 'int', possible loss of data
C:\Users\s210575\Documents\ConnorFettes\Complex Systems\ComplexGameSystems\NeuralNetworkCpp\SimpleImplementation\SnakeGame.cpp(416,14): warning C4244: 'argument': conversion from 'float' to 'int', possible loss of data
C:\Users\s210575\Documents\ConnorFettes\Complex Systems\ComplexGameSystems\NeuralNetworkCpp\SimpleImplementation\SnakeGame.cpp(416,4): warning C4244: 'argument': conversion from 'float' to 'int', possible loss of data
C:\Users\s210575\Documents\ConnorFettes\Complex Systems\ComplexGameSystems\NeuralNetworkCpp\SimpleImplementation\SnakeGame.cpp(415,68): warning C4244: 'argument': conversion from 'float' to 'int', possible loss of data
C:\Users\s210575\Documents\ConnorFettes\Complex Systems\ComplexGameSystems\NeuralNetworkCpp\SimpleImplementation\SnakeGame.cpp(415,30): warning C4244: 'argument': conversion from 'float' to 'int', possible loss of data
C:\Users\s210575\Documents\ConnorFettes\Complex Systems\ComplexGameSystems\NeuralNetworkCpp\SimpleImplementation\SnakeGame.cpp(421,14): warning C4244: 'argument': conversion from 'float' to 'int', possible loss of data
C:\Users\s210575\Documents\ConnorFettes\Complex Systems\ComplexGameSystems\NeuralNetworkCpp\SimpleImplementation\SnakeGame.cpp(421,4): warning C4244: 'argument': conversion from 'float' to 'int', possible loss of data
C:\Users\s210575\Documents\ConnorFettes\Complex Systems\ComplexGameSystems\NeuralNetworkCpp\SimpleImplementation\SnakeGame.cpp(420,74): warning C4244: 'argument': conversion from 'float' to 'int', possible loss of data
C:\Users\s210575\Documents\ConnorFettes\Complex Systems\ComplexGameSystems\NeuralNetworkCpp\SimpleImplementation\SnakeGame.cpp(420,30): warning C4244: 'argument': conversion from 'float' to 'int', possible loss of data
C:\Users\s210575\Documents\ConnorFettes\Complex Systems\ComplexGameSystems\NeuralNetworkCpp\SimpleImplementation\SnakeGame.cpp(441,98): warning C4244: 'argument': conversion from 'float' to 'int', possible loss of data
C:\Users\s210575\Documents\ConnorFettes\Complex Systems\ComplexGameSystems\NeuralNetworkCpp\SimpleImplementation\SnakeGame.cpp(441,73): warning C4244: 'argument': conversion from 'float' to 'int', possible loss of data
C:\Users\s210575\Documents\ConnorFettes\Complex Systems\ComplexGameSystems\NeuralNetworkCpp\SimpleImplementation\SnakeGame.cpp(441,48): warning C4244: 'argument': conversion from 'float' to 'int', possible loss of data
C:\Users\s210575\Documents\ConnorFettes\Complex Systems\ComplexGameSystems\NeuralNetworkCpp\SimpleImplementation\SnakeGame.cpp(441,23): warning C4244: 'argument': conversion from 'float' to 'int', possible loss of data
C:\Users\s210575\Documents\ConnorFettes\Complex Systems\ComplexGameSystems\NeuralNetworkCpp\SimpleImplementation\SnakeGame.cpp(442,50): warning C4244: 'argument': conversion from 'float' to 'int', possible loss of data
C:\Users\s210575\Documents\ConnorFettes\Complex Systems\ComplexGameSystems\NeuralNetworkCpp\SimpleImplementation\SnakeGame.cpp(442,25): warning C4244: 'argument': conversion from 'float' to 'int', possible loss of data
C:\Users\s210575\Documents\ConnorFettes\Complex Systems\ComplexGameSystems\NeuralNetworkCpp\SimpleImplementation\Button.h(25): warning C4172: returning address of local variable or temporary
C:\Users\s210575\Documents\ConnorFettes\Complex Systems\ComplexGameSystems\NeuralNetworkCpp\SimpleImplementation\Button.h(22): warning C4172: returning address of local variable or temporary
  SimpleImplementation.vcxproj -> C:\Users\s210575\Documents\ConnorFettes\Complex Systems\ComplexGameSystems\NeuralNetworkCpp\x64\Debug\SimpleImplementation.exe
